hello world :-) 2021-01-21 18:58:56
online : 
load file 'configData.php'
LoadConfig()
oConfig
:stdClass Object
(
    [pPassword] => 
    [pPasswordNew1] => 
    [pPasswordNew2] => 
    [sBlacklist] => ini
    [sHomepage] => compile.php
    [sRootOrg] => 
    [sRootSave] => 
    [sWhitelist] => c,h
    [sWhitelistSave] => 
)

iAction = 1)
json length: 28
Action(1):
{"iId":0,"sPathConfig":null}
oJson
:stdClass Object
(
    [iId] => 0
    [sPathConfig] => 
)

close log: 2021-01-21 18:58:56	duration [s]: 0.00058293342590332